# JRE version: Java(TM) SE Runtime Environment (8.0_66-b18) (build 1.8.0_66-b18)
# Java VM: Java HotSpot(TM) 64-Bit Server VM (25.66-b18 mixed mode windows-amd64 compressed oops)
Heap:
 PSYoungGen      total 280064K, used 128051K [0x00000000eab00000, 0x0000000100000000, 0x0000000100000000)
  eden space 210944K, 27% used [0x00000000eab00000,0x00000000ee492d68,0x00000000f7900000)
  from space 69120K, 99% used [0x00000000f7900000,0x00000000fbc7a008,0x00000000fbc80000)
  to   space 69120K, 0% used [0x00000000fbc80000,0x00000000fbc80000,0x0000000100000000)
 ParOldGen       total 177152K, used 111580K [0x00000000c0000000, 0x00000000cad00000, 0x00000000eab00000)
  object space 177152K, 62% used [0x00000000c0000000,0x00000000c6cf71b8,0x00000000cad00000)
 Metaspace       used 6525K, capacity 7320K, committed 7680K, reserved 1056768K
  class space    used 620K, capacity 656K, committed 768K, reserved 1048576K
GC Heap History (10 events):
Event: 3.332 GC heap before
{Heap before GC invocations=6 (full 0):
 PSYoungGen      total 138240K, used 138221K [0x00000000eab00000, 0x00000000fe200000, 0x0000000100000000)
  eden space 133120K, 100% used [0x00000000eab00000,0x00000000f2d00000,0x00000000f2d00000)
  from space 5120K, 99% used [0x00000000f2d00000,0x00000000f31fb6e0,0x00000000f3200000)
  to   space 26112K, 0% used [0x00000000fc880000,0x00000000fc880000,0x00000000fe200000)
 ParOldGen       total 87552K, used 48033K [0x00000000c0000000, 0x00000000c5580000, 0x00000000eab00000)
  object space 87552K, 54% used [0x00000000c0000000,0x00000000c2ee8540,0x00000000c5580000)
 Metaspace       used 6499K, capacity 7256K, committed 7424K, reserved 1056768K
  class space    used 618K, capacity 656K, committed 768K, reserved 1048576K
Event: 3.399 GC heap after
Heap after GC invocations=6 (full 0):
 PSYoungGen      total 287232K, used 26095K [0x00000000eab00000, 0x00000000fec00000, 0x0000000100000000)
  eden space 261120K, 0% used [0x00000000eab00000,0x00000000eab00000,0x00000000faa00000)
  from space 26112K, 99% used [0x00000000fc880000,0x00000000fe1fbd48,0x00000000fe200000)
  to   space 31232K, 0% used [0x00000000faa00000,0x00000000faa00000,0x00000000fc880000)
 ParOldGen       total 87552K, used 49324K [0x00000000c0000000, 0x00000000c5580000, 0x00000000eab00000)
  object space 87552K, 56% used [0x00000000c0000000,0x00000000c302b340,0x00000000c5580000)
 Metaspace       used 6499K, capacity 7256K, committed 7424K, reserved 1056768K
  class space    used 618K, capacity 656K, committed 768K, reserved 1048576K
}
Event: 4.607 GC heap before
{Heap before GC invocations=7 (full 0):
 PSYoungGen      total 287232K, used 287215K [0x00000000eab00000, 0x00000000fec00000, 0x0000000100000000)
  eden space 261120K, 100% used [0x00000000eab00000,0x00000000faa00000,0x00000000faa00000)
  from space 26112K, 99% used [0x00000000fc880000,0x00000000fe1fbd48,0x00000000fe200000)
  to   space 31232K, 0% used [0x00000000faa00000,0x00000000faa00000,0x00000000fc880000)
 ParOldGen       total 87552K, used 49324K [0x00000000c0000000, 0x00000000c5580000, 0x00000000eab00000)
  object space 87552K, 56% used [0x00000000c0000000,0x00000000c302b340,0x00000000c5580000)
 Metaspace       used 6504K, capacity 7256K, committed 7424K, reserved 1056768K
  class space    used 619K, capacity 656K, committed 768K, reserved 1048576K
Event: 4.781 GC heap after
Heap after GC invocations=7 (full 0):
 PSYoungGen      total 292352K, used 31205K [0x00000000eab00000, 0x0000000100000000, 0x0000000100000000)
  eden space 261120K, 0% used [0x00000000eab00000,0x00000000eab00000,0x00000000faa00000)
  from space 31232K, 99% used [0x00000000faa00000,0x00000000fc8795b0,0x00000000fc880000)
  to   space 55808K, 0% used [0x00000000fc980000,0x00000000fc980000,0x0000000100000000)
 ParOldGen       total 87552K, used 87385K [0x00000000c0000000, 0x00000000c5580000, 0x00000000eab00000)
  object space 87552K, 99% used [0x00000000c0000000,0x00000000c5556670,0x00000000c5580000)
 Metaspace       used 6504K, capacity 7256K, committed 7424K, reserved 1056768K
  class space    used 619K, capacity 656K, committed 768K, reserved 1048576K
}
Event: 4.781 GC heap before
{Heap before GC invocations=8 (full 1):
 PSYoungGen      total 292352K, used 31205K [0x00000000eab00000, 0x0000000100000000, 0x0000000100000000)
  eden space 261120K, 0% used [0x00000000eab00000,0x00000000eab00000,0x00000000faa00000)
  from space 31232K, 99% used [0x00000000faa00000,0x00000000fc8795b0,0x00000000fc880000)
  to   space 55808K, 0% used [0x00000000fc980000,0x00000000fc980000,0x0000000100000000)
 ParOldGen       total 87552K, used 87385K [0x00000000c0000000, 0x00000000c5580000, 0x00000000eab00000)
  object space 87552K, 99% used [0x00000000c0000000,0x00000000c5556670,0x00000000c5580000)
 Metaspace       used 6504K, capacity 7256K, committed 7424K, reserved 1056768K
  class space    used 619K, capacity 656K, committed 768K, reserved 1048576K
Event: 5.662 GC heap after
Heap after GC invocations=8 (full 1):
 PSYoungGen      total 292352K, used 25515K [0x00000000eab00000, 0x0000000100000000, 0x0000000100000000)
  eden space 261120K, 0% used [0x00000000eab00000,0x00000000eab00000,0x00000000faa00000)
  from space 31232K, 81% used [0x00000000faa00000,0x00000000fc2ead60,0x00000000fc880000)
  to   space 55808K, 0% used [0x00000000fc980000,0x00000000fc980000,0x0000000100000000)
 ParOldGen       total 177152K, used 87476K [0x00000000c0000000, 0x00000000cad00000, 0x00000000eab00000)
  object space 177152K, 49% used [0x00000000c0000000,0x00000000c556d140,0x00000000cad00000)
 Metaspace       used 6504K, capacity 7256K, committed 7424K, reserved 1056768K
  class space    used 619K, capacity 656K, committed 768K, reserved 1048576K
}
Event: 6.672 GC heap before
{Heap before GC invocations=9 (full 1):
 PSYoungGen      total 292352K, used 286635K [0x00000000eab00000, 0x0000000100000000, 0x0000000100000000)
  eden space 261120K, 100% used [0x00000000eab00000,0x00000000faa00000,0x00000000faa00000)
  from space 31232K, 81% used [0x00000000faa00000,0x00000000fc2ead60,0x00000000fc880000)
  to   space 55808K, 0% used [0x00000000fc980000,0x00000000fc980000,0x0000000100000000)
 ParOldGen       total 177152K, used 87476K [0x00000000c0000000, 0x00000000cad00000, 0x00000000eab00000)
  object space 177152K, 49% used [0x00000000c0000000,0x00000000c556d140,0x00000000cad00000)
 Metaspace       used 6510K, capacity 7320K, committed 7680K, reserved 1056768K
  class space    used 619K, capacity 656K, committed 768K, reserved 1048576K
Event: 6.848 GC heap after
Heap after GC invocations=9 (full 1):
 PSYoungGen      total 266752K, used 55779K [0x00000000eab00000, 0x0000000100000000, 0x0000000100000000)
  eden space 210944K, 0% used [0x00000000eab00000,0x00000000eab00000,0x00000000f7900000)
  from space 55808K, 99% used [0x00000000fc980000,0x00000000ffff8e48,0x0000000100000000)
  to   space 69120K, 0% used [0x00000000f7900000,0x00000000f7900000,0x00000000fbc80000)
 ParOldGen       total 177152K, used 95216K [0x00000000c0000000, 0x00000000cad00000, 0x00000000eab00000)
  object space 177152K, 53% used [0x00000000c0000000,0x00000000c5cfc128,0x00000000cad00000)
 Metaspace       used 6510K, capacity 7320K, committed 7680K, reserved 1056768K
  class space    used 619K, capacity 656K, committed 768K, reserved 1048576K
}
Event: 8.010 GC heap before
{Heap before GC invocations=10 (full 1):
 PSYoungGen      total 266752K, used 266723K [0x00000000eab00000, 0x0000000100000000, 0x0000000100000000)
  eden space 210944K, 100% used [0x00000000eab00000,0x00000000f7900000,0x00000000f7900000)
  from space 55808K, 99% used [0x00000000fc980000,0x00000000ffff8e48,0x0000000100000000)
  to   space 69120K, 0% used [0x00000000f7900000,0x00000000f7900000,0x00000000fbc80000)
 ParOldGen       total 177152K, used 95216K [0x00000000c0000000, 0x00000000cad00000, 0x00000000eab00000)
  object space 177152K, 53% used [0x00000000c0000000,0x00000000c5cfc128,0x00000000cad00000)
 Metaspace       used 6525K, capacity 7320K, committed 7680K, reserved 1056768K
  class space    used 620K, capacity 656K, committed 768K, reserved 1048576K
Event: 8.186 GC heap after
Heap after GC invocations=10 (full 1):
 PSYoungGen      total 280064K, used 69096K [0x00000000eab00000, 0x0000000100000000, 0x0000000100000000)
  eden space 210944K, 0% used [0x00000000eab00000,0x00000000eab00000,0x00000000f7900000)
  from space 69120K, 99% used [0x00000000f7900000,0x00000000fbc7a008,0x00000000fbc80000)
  to   space 69120K, 0% used [0x00000000fbc80000,0x00000000fbc80000,0x0000000100000000)
 ParOldGen       total 177152K, used 111580K [0x00000000c0000000, 0x00000000cad00000, 0x00000000eab00000)
  object space 177152K, 62% used [0x00000000c0000000,0x00000000c6cf71b8,0x00000000cad00000)
 Metaspace       used 6525K, capacity 7320K, committed 7680K, reserved 1056768K
  class space    used 620K, capacity 656K, committed 768K, reserved 1048576K
}

